kotlin version: 2.2.0
error message: java.lang.RuntimeException: Exception while generating code for:
FUN name:InspectorOverlay visibility:public modality:FINAL returnType:kotlin.Unit
  annotations:
    Composable
  BLOCK_BODY
    VAR PROPERTY_DELEGATE name:isVisible$delegate type:androidx.compose.runtime.MutableState<kotlin.Boolean> [val]
      CALL 'public final fun remember <T> (calculation: @[DisallowComposableCalls] kotlin.Function0<T of androidx.compose.runtime.ComposablesKt.remember>): T of androidx.compose.runtime.ComposablesKt.remember [inline] declared in androidx.compose.runtime.ComposablesKt' type=androidx.compose.runtime.MutableState<kotlin.Boolean> origin=null
        TYPE_ARG T: androidx.compose.runtime.MutableState<kotlin.Boolean>
        ARG calculation: BLOCK type=kotlin.Function0<androidx.compose.runtime.MutableState<kotlin.Boolean>> origin=LAMBDA
          COMPOSITE type=kotlin.Unit origin=null
          FUNCTION_REFERENCE 'private final fun InspectorOverlay$lambda$0 (): androidx.compose.runtime.MutableState<kotlin.Boolean> declared in io.github.dee2604.jetpackcomposeinspector.overlay.InspectorOverlayKt' type=kotlin.Function0<androidx.compose.runtime.MutableState<kotlin.Boolean>> origin=INLINE_LAMBDA reflectionTarget=null
    VAR PROPERTY_DELEGATE name:currentTab$delegate type:androidx.compose.runtime.MutableState<io.github.dee2604.jetpackcomposeinspector.overlay.InspectorTab> [val]
      CALL 'public final fun remember <T> (calculation: @[DisallowComposableCalls] kotlin.Function0<T of androidx.compose.runtime.ComposablesKt.remember>): T of androidx.compose.runtime.ComposablesKt.remember [inline] declared in androidx.compose.runtime.ComposablesKt' type=androidx.compose.runtime.MutableState<io.github.dee2604.jetpackcomposeinspector.overlay.InspectorTab> origin=null
        TYPE_ARG T: androidx.compose.runtime.MutableState<io.github.dee2604.jetpackcomposeinspector.overlay.InspectorTab>
        ARG calculation: BLOCK type=kotlin.Function0<androidx.compose.runtime.MutableState<io.github.dee2604.jetpackcomposeinspector.overlay.InspectorTab>> origin=LAMBDA
          COMPOSITE type=kotlin.Unit origin=null
          FUNCTION_REFERENCE 'private final fun InspectorOverlay$lambda$3 (): androidx.compose.runtime.MutableState<io.github.dee2604.jetpackcomposeinspector.overlay.InspectorTab> declared in io.github.dee2604.jetpackcomposeinspector.overlay.InspectorOverlayKt' type=kotlin.Function0<androidx.compose.runtime.MutableState<io.github.dee2604.jetpackcomposeinspector.overlay.InspectorTab>> origin=INLINE_LAMBDA reflectionTarget=null
    CALL 'public final fun Box$default (modifier: androidx.compose.ui.Modifier?, contentAlignment: androidx.compose.ui.Alignment?, propagateMinConstraints: kotlin.Boolean, content: @[Composable] @[ExtensionFunctionType] kotlin.Function1<androidx.compose.foundation.layout.BoxScope, kotlin.Unit>, $mask0: kotlin.Int, $handler: kotlin.Any?): kotlin.Unit [inline] declared in androidx.compose.foundation.layout.BoxKt' type=kotlin.Unit origin=DEFAULT_DISPATCH_CALL
      ARG modifier: CALL 'public final fun pointerInput (<this>: androidx.compose.ui.Modifier, key1: kotlin.Any?, block: @[ExtensionFunctionType] kotlin.coroutines.SuspendFunction1<androidx.compose.ui.input.pointer.PointerInputScope, kotlin.Unit>): androidx.compose.ui.Modifier declared in androidx.compose.ui.input.pointer.SuspendingPointerInputFilterKt' type=androidx.compose.ui.Modifier origin=null
        ARG <this>: CALL 'public final fun zIndex (<this>: androidx.compose.ui.Modifier, zIndex: kotlin.Float): androidx.compose.ui.Modifier declared in androidx.compose.ui.ZIndexModifierKt' type=androidx.compose.ui.Modifier origin=null
          ARG <this>: CALL 'public final fun fillMaxSize$default (<this>: androidx.compose.ui.Modifier, fraction: kotlin.Float, $mask0: kotlin.Int, $handler: kotlin.Any?): androidx.compose.ui.Modifier declared in androidx.compose.foundation.layout.SizeKt' type=androidx.compose.ui.Modifier origin=DEFAULT_DISPATCH_CALL
            ARG <this>: GET_FIELD 'FIELD FIELD_FOR_OBJECT_INSTANCE name:Companion type:androidx.compose.ui.Modifier.Companion visibility:public [final,static] declared in androidx.compose.ui.Modifier' type=androidx.compose.ui.Modifier.Companion origin=null
            ARG fraction: COMPOSITE type=kotlin.Float origin=DEFAULT_VALUE
              CONST Float type=kotlin.Float value=0.0
            ARG $mask0: CONST Int type=kotlin.Int value=1
            ARG $handler: CONST Null type=kotlin.Any? value=null
          ARG zIndex: CONST Float type=kotlin.Float value=1000.0
        ARG key1: GET_FIELD 'FIELD FIELD_FOR_OBJECT_INSTANCE name:INSTANCE type:kotlin.Unit visibility:public [final,static] declared in kotlin.Unit' type=kotlin.Unit origin=null
        ARG block: BLOCK type=io.github.dee2604.jetpackcomposeinspector.overlay.InspectorOverlayKt.InspectorOverlay.<no name provided> origin=null
          CLASS SUSPEND_LAMBDA CLASS name:<no name provided> modality:FINAL visibility:public/*package*/ superTypes:[kotlin.coroutines.jvm.internal.SuspendLambda; kotlin.jvm.functions.Function2<androidx.compose.ui.input.pointer.PointerInputScope, kotlin.coroutines.Continuation<kotlin.Unit>?, kotlin.Any?>]
            thisReceiver: VALUE_PARAMETER INSTANCE_RECEIVER kind:DispatchReceiver name:<this> type:io.github.dee2604.jetpackcomposeinspector.overlay.InspectorOverlayKt.InspectorOverlay.<no name provided>
            FIELD name:label type:kotlin.Int visibility:public/*package*/
            FIELD FIELD_FOR_CAPTURED_VALUE name:L$0 type:kotlin.Any? visibility:private
            CONSTRUCTOR SUSPEND_LAMBDA visibility:public/*package*/ returnType:io.github.dee2604.jetpackcomposeinspector.overlay.InspectorOverlayKt.InspectorOverlay.<no name provided> [primary]
              VALUE_PARAMETER BOUND_VALUE_PARAMETER kind:Regular name:$isVisible$delegate index:0 type:androidx.compose.runtime.MutableState<kotlin.Boolean>
              VALUE_PARAMETER kind:Regular name:$completion index:1 type:kotlin.coroutines.Continuation<io.github.dee2604.jetpackcomposeinspector.overlay.InspectorOverlayKt.InspectorOverlay.<no name provided>>?
              BLOCK_BODY
                SET_FIELD 'FIELD FIELD_FOR_CAPTURED_VALUE name:$isVisible$delegate type:androidx.compose.runtime.MutableState<kotlin.Boolean> visibility:public/*package*/ [final] declared in io.github.dee2604.jetpackcomposeinspector.overlay.InspectorOverlayKt.InspectorOverlay.<no name provided>' type=kotlin.Unit origin=INITIALIZER_OF_FIELD_FOR_CAPTURED_VALUE
                  receiver: GET_VAR '<this>: io.github.dee2604.jetpackcomposeinspector.overlay.InspectorOverlayKt.InspectorOverlay.<no name provided> declared in io.github.dee2604.jetpackcomposeinspector.overlay.InspectorOverlayKt.InspectorOverlay.<no name provided>' type=io.github.dee2604.jetpackcomposeinspector.overlay.InspectorOverlayKt.InspectorOverlay.<no name provided> origin=null
                  value: GET_VAR '$isVisible$delegate: androidx.compose.runtime.MutableState<kotlin.Boolean> declared in io.github.dee2604.jetpackcomposeinspector.overlay.InspectorOverlayKt.InspectorOverlay.<no name provided>.<init>' type=androidx.compose.runtime.MutableState<kotlin.Boolean> origin=null
                DELEGATING_CONSTRUCTOR_CALL 'public constructor <init> (arity: kotlin.Int, $completion: kotlin.coroutines.Continuation<kotlin.Any?>?) declared in kotlin.coroutines.jvm.internal.SuspendLambda'
                  ARG arity: CONST Int type=kotlin.Int value=2
                  ARG $completion: GET_VAR '$completion: kotlin.coroutines.Continuation<io.github.dee2604.jetpackcomposeinspector.overlay.InspectorOverlayKt.InspectorOverlay.<no name provided>>? declared in io.github.dee2604.jetpackcomposeinspector.overlay.InspectorOverlayKt.InspectorOverlay.<no name provided>.<init>' type=kotlin.coroutines.Continuation<io.github.dee2604.jetpackcomposeinspector.overlay.InspectorOverlayKt.InspectorOverlay.<no name provided>>? origin=null
                BLOCK type=kotlin.Unit origin=null
            FUN name:invokeSuspend visibility:public modality:FINAL returnType:kotlin.Any?
              VALUE_PARAMETER INSTANCE_RECEIVER kind:DispatchReceiver name:<this> index:0 type:io.github.dee2604.jetpackcomposeinspector.overlay.InspectorOverlayKt.InspectorOverlay.<no name provided>
              VALUE_PARAMETER kind:Regular name:$result index:1 type:kotlin.Result<kotlin.Any?>
              overridden:
                protected abstract fun invokeSuspend ($result: kotlin.Result<kotlin.Any?>): kotlin.Any? declared in kotlin.coroutines.jvm.internal.SuspendLambda
              BLOCK_BODY
                VAR SUSPEND_LAMBDA_PARAMETER name:$this$pointerInput type:androidx.compose.ui.input.pointer.PointerInputScope [val]
                  BLOCK type=androidx.compose.ui.input.pointer.PointerInputScope origin=null
                    GET_FIELD 'FIELD FIELD_FOR_CAPTURED_VALUE name:L$0 type:kotlin.Any? visibility:private declared in io.github.dee2604.jetpackcomposeinspector.overlay.InspectorOverlayKt.InspectorOverlay.<no name provided>' type=androidx.compose.ui.input.pointer.PointerInputScope origin=null
                      receiver: GET_VAR '<this>: io.github.dee2604.jetpackcomposeinspector.overlay.InspectorOverlayKt.InspectorOverlay.<no name provided> declared in io.github.dee2604.jetpackcomposeinspector.overlay.InspectorOverlayKt.InspectorOverlay.<no name provided>.invokeSuspend' type=io.github.dee2604.jetpackcomposeinspector.overlay.InspectorOverlayKt.InspectorOverlay.<no name provided> origin=null
                CALL 'public final fun detectTapGestures$default (<this>: androidx.compose.ui.input.pointer.PointerInputScope, onDoubleTap: kotlin.Function1<androidx.compose.ui.geometry.Offset, kotlin.Unit>?, onLongPress: kotlin.Function1<androidx.compose.ui.geometry.Offset, kotlin.Unit>?, onPress: @[ExtensionFunctionType] kotlin.coroutines.SuspendFunction2<androidx.compose.foundation.gestures.PressGestureScope, androidx.compose.ui.geometry.Offset, kotlin.Unit>?, onTap: kotlin.Function1<androidx.compose.ui.geometry.Offset, kotlin.Unit>?, $completion: kotlin.coroutines.Continuation<kotlin.Unit>, $mask0: kotlin.Int, $handler: kotlin.Any?): kotlin.Any? [suspend] declared in androidx.compose.foundation.gestures.TapGestureDetectorKt' type=kotlin.Unit origin=DEFAULT_DISPATCH_CALL
                  ARG <this>: GET_VAR 'val $this$pointerInput: androidx.compose.ui.input.pointer.PointerInputScope [val] declared in io.github.dee2604.jetpackcomposeinspector.overlay.InspectorOverlayKt.InspectorOverlay.<no name provided>.invokeSuspend' type=androidx.compose.ui.input.pointer.PointerInputScope origin=null
                  ARG onDoubleTap: COMPOSITE type=kotlin.Function1<androidx.compose.ui.geometry.Offset, kotlin.Unit>? origin=DEFAULT_VALUE
                    CONST Null type=kotlin.Function1<androidx.compose.ui.geometry.Offset, kotlin.Unit>? value=null
                  ARG onLongPress: BLOCK type=kotlin.Function1<androidx.compose.ui.geometry.Offset, kotlin.Unit> origin=LAMBDA
                    COMPOSITE type=kotlin.Unit origin=null
                    CALL 'public final fun <jvm-indy> <T> (dynamicCall: T of kotlin.jvm.internal.<jvm-indy>, bootstrapMethodHandle: kotlin.Any, vararg bootstrapMethodArguments: kotlin.Any): T of kotlin.jvm.internal.<jvm-indy> declared in kotlin.jvm.internal' type=kotlin.Function1<androidx.compose.ui.geometry.Offset, kotlin.Unit> origin=null
                      TYPE_ARG T: kotlin.Function1<androidx.compose.ui.geometry.Offset, kotlin.Unit>
                      ARG dynamicCall: CALL 'public final fun invoke (p0: androidx.compose.runtime.MutableState<kotlin.Boolean>): kotlin.Function1<androidx.compose.ui.geometry.Offset, kotlin.Unit> declared in kotlin.jvm.internal.invokeDynamic' type=kotlin.Function1<androidx.compose.ui.geometry.Offset, kotlin.Unit> origin=null
                        ARG p0: GET_FIELD 'FIELD FIELD_FOR_CAPTURED_VALUE name:$isVisible$delegate type:androidx.compose.runtime.MutableState<kotlin.Boolean> visibility:public/*package*/ [final] declared in io.github.dee2604.jetpackcomposeinspector.overlay.InspectorOverlayKt.InspectorOverlay.<no name provided>' type=androidx.compose.runtime.MutableState<kotlin.Boolean> origin=null
                          receiver: GET_VAR '<this>: io.github.dee2604.jetpackcomposeinspector.overlay.InspectorOverlayKt.InspectorOverlay.<no name provided> declared in io.github.dee2604.jetpackcomposeinspector.overlay.InspectorOverlayKt.InspectorOverlay.<no name provided>.invokeSuspend' type=io.github.dee2604.jetpackcomposeinspector.overlay.InspectorOverlayKt.InspectorOverlay.<no name provided> origin=null
                      ARG bootstrapMethodHandle: CALL 'public final fun <jvm-method-handle> (tag: kotlin.Int, owner: kotlin.String, name: kotlin.String, descriptor: kotlin.String, isInterface: kotlin.Boolean): kotlin.Any declared in kotlin.jvm.internal' type=kotlin.Any origin=null
                        ARG tag: CONST Int type=kotlin.Int value=6
                        ARG owner: CONST String type=kotlin.String value="java/lang/invoke/LambdaMetafactory"
                        ARG name: CONST String type=kotlin.String value="metafactory"
                        ARG descriptor: CONST String type=kotlin.String value="(Ljava/lang/invoke/MethodHandles$Lookup;Ljava/lang/String;Ljava/lang/invoke/MethodType;Ljava/lang/invoke/MethodType;Ljava/lang/invoke/MethodHandle;Ljava/lang/invoke/MethodType;)Ljava/lang/invoke/CallSite;"
                        ARG isInterface: CONST Boolean type=kotlin.Boolean value=false
                      ARG bootstrapMethodArguments: VARARG type=kotlin.Array<kotlin.Any> varargElementType=kotlin.Any
                        CALL 'public final fun <jvm-original-method-type> (method: kotlin.Any): kotlin.Any declared in kotlin.jvm.internal' type=kotlin.Any origin=null
                          ARG method: RAW_FUNCTION_REFERENCE 'public abstract fun invoke (p1: P1 of kotlin.Function1): R of kotlin.Function1 [operator] declared in kotlin.Function1' type=kotlin.Any
                        RAW_FUNCTION_REFERENCE 'private final fun invokeSuspend$lambda$0 ($isVisible$delegate: androidx.compose.runtime.MutableState<kotlin.Boolean>, it: androidx.compose.ui.geometry.Offset?): kotlin.Unit? declared in io.github.dee2604.jetpackcomposeinspector.overlay.InspectorOverlayKt.InspectorOverlay.<no name provided>' type=kotlin.Any
                        CALL 'public final fun <jvm-original-method-type> (method: kotlin.Any): kotlin.Any declared in kotlin.jvm.internal' type=kotlin.Any origin=null
                          ARG method: RAW_FUNCTION_REFERENCE 'public abstract fun invoke (p1: androidx.compose.ui.geometry.Offset?): kotlin.Unit? [fake_override,operator] declared in kotlin.jvm.internal.invokeDynamic.<fake>' type=kotlin.Any
                  ARG onPress: COMPOSITE type=@[ExtensionFunctionType] kotlin.coroutines.SuspendFunction2<androidx.compose.foundation.gestures.PressGestureScope, androidx.compose.ui.geometry.Offset, kotlin.Unit>? origin=DEFAULT_VALUE
                    CONST Null type=@[ExtensionFunctionType] kotlin.coroutines.SuspendFunction2<androidx.compose.foundation.gestures.PressGestureScope, androidx.compose.ui.geometry.Offset, kotlin.Unit>? value=null
                  ARG onTap: COMPOSITE type=kotlin.Function1<androidx.compose.ui.geometry.Offset, kotlin.Unit>? origin=DEFAULT_VALUE
                    CONST Null type=kotlin.Function1<androidx.compose.ui.geometry.Offset, kotlin.Unit>? value=null
                  ARG $completion: GET_VAR '<this>: io.github.dee2604.jetpackcomposeinspector.overlay.InspectorOverlayKt.InspectorOverlay.<no name provided> declared in io.github.dee2604.jetpackcomposeinspector.overlay.InspectorOverlayKt.InspectorOverlay.<no name provided>.invokeSuspend' type=io.github.dee2604.jetpackcomposeinspector.overlay.InspectorOverlayKt.InspectorOverlay.<no name provided> origin=null
                  ARG $mask0: CONST Int type=kotlin.Int value=13
                  ARG $handler: CONST Null type=kotlin.Any? value=null
            FUN name:create visibility:public modality:FINAL returnType:kotlin.coroutines.Continuation<kotlin.Unit>
              VALUE_PARAMETER INSTANCE_RECEIVER kind:DispatchReceiver name:<this> index:0 type:io.github.dee2604.jetpackcomposeinspector.overlay.InspectorOverlayKt.InspectorOverlay.<no name provided>
              VALUE_PARAMETER kind:Regular name:value index:1 type:kotlin.Any?
              VALUE_PARAMETER kind:Regular name:$completion index:2 type:kotlin.coroutines.Continuation<kotlin.Nothing>
              overridden:
                public open fun create (value: kotlin.Any?, $completion: kotlin.coroutines.Continuation<kotlin.Nothing>): kotlin.coroutines.Continuation<kotlin.Unit> declared in kotlin.coroutines.jvm.internal.SuspendLambda
              BLOCK_BODY
                VAR IR_TEMPORARY_VARIABLE name:tmp0_result type:io.github.dee2604.jetpackcomposeinspector.overlay.InspectorOverlayKt.InspectorOverlay.<no name provided> [val]
                  CONSTRUCTOR_CALL 'public/*package*/ constructor <init> ($isVisible$delegate: androidx.compose.runtime.MutableState<kotlin.Boolean>, $completion: kotlin.coroutines.Continuation<io.github.dee2604.jetpackcomposeinspector.overlay.InspectorOverlayKt.InspectorOverlay.<no name provided>>?) [primary] declared in io.github.dee2604.jetpackcomposeinspector.overlay.InspectorOverlayKt.InspectorOverlay.<no name provided>' type=io.github.dee2604.jetpackcomposeinspector.overlay.InspectorOverlayKt.InspectorOverlay.<no name provided> origin=null
                    ARG $isVisible$delegate: GET_FIELD 'FIELD FIELD_FOR_CAPTURED_VALUE name:$isVisible$delegate type:androidx.compose.runtime.MutableState<kotlin.Boolean> visibility:public/*package*/ [final] declared in io.github.dee2604.jetpackcomposeinspector.overlay.InspectorOverlayKt.InspectorOverlay.<no name provided>' type=androidx.compose.runtime.MutableState<kotlin.Boolean> origin=null
                      receiver: GET_VAR '<this>: io.github.dee2604.jetpackcomposeinspector.overlay.InspectorOverlayKt.InspectorOverlay.<no name provided> declared in io.github.dee2604.jetpackcomposeinspector.overlay.InspectorOverlayKt.InspectorOverlay.<no name provided>.create' type=io.github.dee2604.jetpackcomposeinspector.overlay.InspectorOverlayKt.InspectorOverlay.<no name provided> origin=null
                    ARG $completion: GET_VAR '$completion: kotlin.coroutines.Continuation<kotlin.Nothing> declared in io.github.dee2604.jetpackcomposeinspector.overlay.InspectorOverlayKt.InspectorOverlay.<no name provided>.create' type=kotlin.coroutines.Continuation<kotlin.Nothing> origin=null
                SET_FIELD 'FIELD FIELD_FOR_CAPTURED_VALUE name:L$0 type:kotlin.Any? visibility:private declared in io.github.dee2604.jetpackcomposeinspector.overlay.InspectorOverlayKt.InspectorOverlay.<no name provided>' type=kotlin.Unit origin=null
                  receiver: GET_VAR 'val tmp0_result: io.github.dee2604.jetpackcomposeinspector.overlay.InspectorOverlayKt.InspectorOverlay.<no name provided> [val] declared in io.github.dee2604.jetpackcomposeinspector.overlay.InspectorOverlayKt.InspectorOverlay.<no name provided>.create' type=io.github.dee2604.jetpackcomposeinspector.overlay.InspectorOverlayKt.InspectorOverlay.<no name provided> origin=null
                  value: GET_VAR 'value: kotlin.Any? declared in io.github.dee2604.jetpackcomposeinspector.overlay.InspectorOverlayKt.InspectorOverlay.<no name provided>.create' type=kotlin.Any? origin=null
                RETURN type=kotlin.Nothing from='public final fun create (value: kotlin.Any?, $completion: kotlin.coroutines.Continuation<kotlin.Nothing>): kotlin.coroutines.Continuation<kotlin.Unit> declared in io.github.dee2604.jetpackcomposeinspector.overlay.InspectorOverlayKt.InspectorOverlay.<no name provided>'
                  GET_VAR 'val tmp0_result: io.github.dee2604.jetpackcomposeinspector.overlay.InspectorOverlayKt.InspectorOverlay.<no name provided> [val] declared in io.github.dee2604.jetpackcomposeinspector.overlay.InspectorOverlayKt.InspectorOverlay.<no name provided>.create' type=io.github.dee2604.jetpackcomposeinspector.overlay.InspectorOverlayKt.InspectorOverlay.<no name provided> origin=null
            FUN name:invoke visibility:public modality:FINAL returnType:kotlin.Any?
              VALUE_PARAMETER INSTANCE_RECEIVER kind:DispatchReceiver name:<this> index:0 type:io.github.dee2604.jetpackcomposeinspector.overlay.InspectorOverlayKt.InspectorOverlay.<no name provided>
              VALUE_PARAMETER kind:Regular name:p1 index:1 type:androidx.compose.ui.input.pointer.PointerInputScope
              VALUE_PARAMETER kind:Regular name:p2 index:2 type:kotlin.coroutines.Continuation<kotlin.Unit>?
              overridden:
                public abstract fun invoke (p1: P1 of kotlin.jvm.functions.Function2, p2: P2 of kotlin.jvm.functions.Function2): R of kotlin.jvm.functions.Function2 declared in kotlin.jvm.functions.Function2
              BLOCK_BODY
                RETURN type=kotlin.Nothing from='public final fun invoke (p1: androidx.compose.ui.input.pointer.PointerInputScope, p2: kotlin.coroutines.Continuation<kotlin.Unit>?): kotlin.Any? declared in io.github.dee2604.jetpackcomposeinspector.overlay.InspectorOverlayKt.InspectorOverlay.<no name provided>'
                  CALL 'public final fun invokeSuspend ($result: kotlin.Result<kotlin.Any?>): kotlin.Any? declared in io.github.dee2604.jetpackcomposeinspector.overlay.InspectorOverlayKt.InspectorOverlay.<no name provided>' type=kotlin.Any? origin=null
                    ARG <this>: TYPE_OP type=io.github.dee2604.jetpackcomposeinspector.overlay.InspectorOverlayKt.InspectorOverlay.<no name provided> origin=IMPLICIT_CAST typeOperand=io.github.dee2604.jetpackcomposeinspector.overlay.InspectorOverlayKt.InspectorOverlay.<no name provided>
                      CALL 'public final fun create (value: kotlin.Any?, $completion: kotlin.coroutines.Continuation<kotlin.Nothing>): kotlin.coroutines.Continuation<kotlin.Unit> declared in io.github.dee2604.jetpackcomposeinspector.overlay.InspectorOverlayKt.InspectorOverlay.<no name provided>' type=kotlin.coroutines.Continuation<kotlin.Unit> origin=null
                        ARG <this>: GET_VAR '<this>: io.github.dee2604.jetpackcomposeinspector.overlay.InspectorOverlayKt.InspectorOverlay.<no name provided> declared in io.github.dee2604.jetpackcomposeinspector.overlay.InspectorOverlayKt.InspectorOverlay.<no name provided>.invoke' type=io.github.dee2604.jetpackcomposeinspector.overlay.InspectorOverlayKt.InspectorOverlay.<no name provided> origin=null
                        ARG value: GET_VAR 'p1: androidx.compose.ui.input.pointer.PointerInputScope declared in io.github.dee2604.jetpackcomposeinspector.overlay.InspectorOverlayKt.InspectorOverlay.<no name provided>.invoke' type=androidx.compose.ui.input.pointer.PointerInputScope origin=null
                        ARG $completion: GET_VAR 'p2: kotlin.coroutines.Continuation<kotlin.Unit>? declared in io.github.dee2604.jetpackcomposeinspector.overlay.InspectorOverlayKt.InspectorOverlay.<no name provided>.invoke' type=kotlin.coroutines.Continuation<kotlin.Unit>? origin=null
                    ARG $result: CALL 'public final fun <unsafe-coerce> <T, R> (v: T of kotlin.jvm.internal.<unsafe-coerce>): R of kotlin.jvm.internal.<unsafe-coerce> declared in kotlin.jvm.internal' type=kotlin.Result<kotlin.Any?> origin=null
                      TYPE_ARG T: kotlin.Any?
                      TYPE_ARG R: kotlin.Result<kotlin.Any?>
                      ARG v: GET_FIELD 'FIELD FIELD_FOR_OBJECT_INSTANCE name:INSTANCE type:kotlin.Unit visibility:public [final,static] declared in kotlin.Unit' type=kotlin.Unit origin=null
            FIELD FIELD_FOR_CAPTURED_VALUE name:$isVisible$delegate type:androidx.compose.runtime.MutableState<kotlin.Boolean> visibility:public/*package*/ [final]
            FUN LOCAL_FUNCTION_FOR_LAMBDA name:invokeSuspend$lambda$0 visibility:private modality:FINAL returnType:kotlin.Unit?
              VALUE_PARAMETER BOUND_VALUE_PARAMETER kind:Regular name:$isVisible$delegate index:0 type:androidx.compose.runtime.MutableState<kotlin.Boolean>
              VALUE_PARAMETER kind:Regular name:it index:1 type:androidx.compose.ui.geometry.Offset?
              BLOCK_BODY
                CALL 'public final fun access$InspectorOverlay$lambda$2 ($isVisible$delegate: androidx.compose.runtime.MutableState<kotlin.Boolean>, <set-?>: kotlin.Boolean): kotlin.Unit declared in io.github.dee2604.jetpackcomposeinspector.overlay.InspectorOverlayKt' type=kotlin.Unit origin=EQ
                  ARG $isVisible$delegate: GET_VAR '$isVisible$delegate: androidx.compose.runtime.MutableState<kotlin.Boolean> declared in io.github.dee2604.jetpackcomposeinspector.overlay.InspectorOverlayKt.InspectorOverlay.<no name provided>.invokeSuspend$lambda$0' type=androidx.compose.runtime.MutableState<kotlin.Boolean> origin=null
                  ARG <set-?>: CALL 'public final fun not (): kotlin.Boolean [operator] declared in kotlin.Boolean' type=kotlin.Boolean origin=null
                    ARG <this>: CALL 'public final fun access$InspectorOverlay$lambda$1 ($isVisible$delegate: androidx.compose.runtime.MutableState<kotlin.Boolean>): kotlin.Boolean declared in io.github.dee2604.jetpackcomposeinspector.overlay.InspectorOverlayKt' type=kotlin.Boolean origin=GET_LOCAL_PROPERTY
                      ARG $isVisible$delegate: GET_VAR '$isVisible$delegate: androidx.compose.runtime.MutableState<kotlin.Boolean> declared in io.github.dee2604.jetpackcomposeinspector.overlay.InspectorOverlayKt.InspectorOverlay.<no name provided>.invokeSuspend$lambda$0' type=androidx.compose.runtime.MutableState<kotlin.Boolean> origin=null
            FUN BRIDGE name:invoke visibility:public modality:OPEN returnType:kotlin.Any?
              VALUE_PARAMETER INSTANCE_RECEIVER kind:DispatchReceiver name:<this> index:0 type:io.github.dee2604.jetpackcomposeinspector.overlay.InspectorOverlayKt.InspectorOverlay.<no name provided>
              VALUE_PARAMETER BRIDGE kind:Regular name:p1 index:1 type:kotlin.Any?
              VALUE_PARAMETER BRIDGE kind:Regular name:p2 index:2 type:kotlin.Any?
              EXPRESSION_BODY
                RETURN type=kotlin.Nothing from='public open fun invoke (p1: kotlin.Any?, p2: kotlin.Any?): kotlin.Any? declared in io.github.dee2604.jetpackcomposeinspector.overlay.InspectorOverlayKt.InspectorOverlay.<no name provided>'
                  CALL 'public final fun invoke (p1: androidx.compose.ui.input.pointer.PointerInputScope, p2: kotlin.coroutines.Continuation<kotlin.Unit>?): kotlin.Any? declared in io.github.dee2604.jetpackcomposeinspector.overlay.InspectorOverlayKt.InspectorOverlay.<no name provided>' type=kotlin.Any? origin=BRIDGE_DELEGATION
                    ARG <this>: GET_VAR '<this>: io.github.dee2604.jetpackcomposeinspector.overlay.InspectorOverlayKt.InspectorOverlay.<no name provided> declared in io.github.dee2604.jetpackcomposeinspector.overlay.InspectorOverlayKt.InspectorOverlay.<no name provided>.invoke' type=io.github.dee2604.jetpackcomposeinspector.overlay.InspectorOverlayKt.InspectorOverlay.<no name provided> origin=null
                    ARG p1: TYPE_OP type=androidx.compose.ui.input.pointer.PointerInputScope origin=IMPLICIT_CAST typeOperand=androidx.compose.ui.input.pointer.PointerInputScope
                      GET_VAR 'p1: kotlin.Any? declared in io.github.dee2604.jetpackcomposeinspector.overlay.InspectorOverlayKt.InspectorOverlay.<no name provided>.invoke' type=kotlin.Any? origin=null
                    ARG p2: TYPE_OP type=kotlin.coroutines.Continuation<*> origin=IMPLICIT_CAST typeOperand=kotlin.coroutines.Continuation<*>
                      GET_VAR 'p2: kotlin.Any? declared in io.github.dee2604.jetpackcomposeinspector.overlay.InspectorOverlayKt.InspectorOverlay.<no name provided>.invoke' type=kotlin.Any? origin=null
          CONSTRUCTOR_CALL 'public/*package*/ constructor <init> ($isVisible$delegate: androidx.compose.runtime.MutableState<kotlin.Boolean>, $completion: kotlin.coroutines.Continuation<io.github.dee2604.jetpackcomposeinspector.overlay.InspectorOverlayKt.InspectorOverlay.<no name provided>>?) [primary] declared in io.github.dee2604.jetpackcomposeinspector.overlay.InspectorOverlayKt.InspectorOverlay.<no name provided>' type=io.github.dee2604.jetpackcomposeinspector.overlay.InspectorOverlayKt.InspectorOverlay.<no name provided> origin=null
            ARG $isVisible$delegate: GET_VAR 'val isVisible$delegate: androidx.compose.runtime.MutableState<kotlin.Boolean> [val] declared in io.github.dee2604.jetpackcomposeinspector.overlay.InspectorOverlayKt.InspectorOverlay' type=androidx.compose.runtime.MutableState<kotlin.Boolean> origin=null
            ARG $completion: CONST Null type=kotlin.Nothing? value=null
      ARG contentAlignment: COMPOSITE type=androidx.compose.ui.Alignment? origin=DEFAULT_VALUE
        CONST Null type=androidx.compose.ui.Alignment? value=null
      ARG propagateMinConstraints: COMPOSITE type=kotlin.Boolean origin=DEFAULT_VALUE
        CONST Boolean type=kotlin.Boolean value=false
      ARG content: BLOCK type=@[ExtensionFunctionType] kotlin.Function1<androidx.compose.foundation.layout.BoxScope, kotlin.Unit> origin=LAMBDA
        COMPOSITE type=kotlin.Unit origin=null
        FUNCTION_REFERENCE 'private final fun InspectorOverlay$lambda$8 ($this$Box: androidx.compose.foundation.layout.BoxScope, $isVisible$delegate: androidx.compose.runtime.MutableState<kotlin.Boolean>, $currentTab$delegate: androidx.compose.runtime.MutableState<io.github.dee2604.jetpackcomposeinspector.overlay.InspectorTab>): kotlin.Unit declared in io.github.dee2604.jetpackcomposeinspector.overlay.InspectorOverlayKt' type=@[ExtensionFunctionType] kotlin.Function1<androidx.compose.foundation.layout.BoxScope, kotlin.Unit> origin=INLINE_LAMBDA reflectionTarget=null
          ARG $isVisible$delegate: GET_VAR 'val isVisible$delegate: androidx.compose.runtime.MutableState<kotlin.Boolean> [val] declared in io.github.dee2604.jetpackcomposeinspector.overlay.InspectorOverlayKt.InspectorOverlay' type=androidx.compose.runtime.MutableState<kotlin.Boolean> origin=null
          ARG $currentTab$delegate: GET_VAR 'val currentTab$delegate: androidx.compose.runtime.MutableState<io.github.dee2604.jetpackcomposeinspector.overlay.InspectorTab> [val] declared in io.github.dee2604.jetpackcomposeinspector.overlay.InspectorOverlayKt.InspectorOverlay' type=androidx.compose.runtime.MutableState<io.github.dee2604.jetpackcomposeinspector.overlay.InspectorTab> origin=null
      ARG $mask0: CONST Int type=kotlin.Int value=6
      ARG $handler: CONST Null type=kotlin.Any? value=null

	at org.jetbrains.kotlin.backend.jvm.codegen.FunctionCodegen.generate(FunctionCodegen.kt:50)
	at org.jetbrains.kotlin.backend.jvm.codegen.FunctionCodegen.generate$default(FunctionCodegen.kt:43)
	at org.jetbrains.kotlin.backend.jvm.codegen.ClassCodegen.generateMethodNode(ClassCodegen.kt:422)
	at org.jetbrains.kotlin.backend.jvm.codegen.ClassCodegen.generateMethod(ClassCodegen.kt:439)
	at org.jetbrains.kotlin.backend.jvm.codegen.ClassCodegen.generate(ClassCodegen.kt:164)
	at org.jetbrains.kotlin.backend.jvm.JvmIrCodegenFactory.generateFile(JvmIrCodegenFactory.kt:419)
	at org.jetbrains.kotlin.backend.jvm.JvmIrCodegenFactory.invokeCodegen(JvmIrCodegenFactory.kt:388)
	at org.jetbrains.kotlin.cli.jvm.compiler.KotlinToJVMBytecodeCompiler.runCodegen$cli(KotlinToJVMBytecodeCompiler.kt:432)
	at org.jetbrains.kotlin.cli.pipeline.jvm.JvmBackendPipelinePhase.executePhase(JvmBackendPipelinePhase.kt:95)
	at org.jetbrains.kotlin.cli.pipeline.jvm.JvmBackendPipelinePhase.executePhase(JvmBackendPipelinePhase.kt:36)
	at org.jetbrains.kotlin.cli.pipeline.jvm.JvmBackendPipelinePhase.executePhase(JvmBackendPipelinePhase.kt:29)
	at org.jetbrains.kotlin.cli.pipeline.PipelinePhase.phaseBody(PipelinePhase.kt:68)
	at org.jetbrains.kotlin.cli.pipeline.PipelinePhase.phaseBody(PipelinePhase.kt:58)
	at org.jetbrains.kotlin.config.phaser.NamedCompilerPhase.invoke(CompilerPhase.kt:102)
	at org.jetbrains.kotlin.backend.common.phaser.CompositePhase.invoke(PhaseBuilders.kt:22)
	at org.jetbrains.kotlin.config.phaser.CompilerPhaseKt.invokeToplevel(CompilerPhase.kt:53)
	at org.jetbrains.kotlin.cli.pipeline.AbstractCliPipeline.runPhasedPipeline(AbstractCliPipeline.kt:109)
	at org.jetbrains.kotlin.cli.pipeline.AbstractCliPipeline.execute(AbstractCliPipeline.kt:68)
	at org.jetbrains.kotlin.cli.jvm.K2JVMCompiler.doExecutePhased(K2JVMCompiler.kt:78)
	at org.jetbrains.kotlin.cli.jvm.K2JVMCompiler.doExecutePhased(K2JVMCompiler.kt:44)
	at org.jetbrains.kotlin.cli.common.CLICompiler.execImpl(CLICompiler.kt:90)
	at org.jetbrains.kotlin.cli.common.CLICompiler.exec(CLICompiler.kt:352)
	at org.jetbrains.kotlin.incremental.IncrementalJvmCompilerRunnerBase.runCompiler(IncrementalJvmCompilerRunnerBase.kt:175)
	at org.jetbrains.kotlin.incremental.IncrementalJvmCompilerRunnerBase.runCompiler(IncrementalJvmCompilerRunnerBase.kt:38)
	at org.jetbrains.kotlin.incremental.IncrementalCompilerRunner.doCompile(IncrementalCompilerRunner.kt:504)
	at org.jetbrains.kotlin.incremental.IncrementalCompilerRunner.compileImpl(IncrementalCompilerRunner.kt:421)
	at org.jetbrains.kotlin.incremental.IncrementalCompilerRunner.compileNonIncrementally(IncrementalCompilerRunner.kt:306)
	at org.jetbrains.kotlin.incremental.IncrementalCompilerRunner.compile(IncrementalCompilerRunner.kt:133)
	at org.jetbrains.kotlin.daemon.CompileServiceImplBase.execIncrementalCompiler(CompileServiceImpl.kt:679)
	at org.jetbrains.kotlin.daemon.CompileServiceImplBase.access$execIncrementalCompiler(CompileServiceImpl.kt:93)
	at org.jetbrains.kotlin.daemon.CompileServiceImpl.compile(CompileServiceImpl.kt:1806)
	at java.base/jdk.internal.reflect.DirectMethodHandleAccessor.invoke(Unknown Source)
	at java.base/java.lang.reflect.Method.invoke(Unknown Source)
	at java.rmi/sun.rmi.server.UnicastServerRef.dispatch(Unknown Source)
	at java.rmi/sun.rmi.transport.Transport$1.run(Unknown Source)
	at java.rmi/sun.rmi.transport.Transport$1.run(Unknown Source)
	at java.base/java.security.AccessController.doPrivileged(Unknown Source)
	at java.rmi/sun.rmi.transport.Transport.serviceCall(Unknown Source)
	at java.rmi/sun.rmi.transport.tcp.TCPTransport.handleMessages(Unknown Source)
	at java.rmi/sun.rmi.transport.tcp.TCPTransport$ConnectionHandler.run0(Unknown Source)
	at java.rmi/sun.rmi.transport.tcp.TCPTransport$ConnectionHandler.lambda$run$0(Unknown Source)
	at java.base/java.security.AccessController.doPrivileged(Unknown Source)
	at java.rmi/sun.rmi.transport.tcp.TCPTransport$ConnectionHandler.run(Unknown Source)
	at java.base/java.util.concurrent.ThreadPoolExecutor.runWorker(Unknown Source)
	at java.base/java.util.concurrent.ThreadPoolExecutor$Worker.run(Unknown Source)
	at java.base/java.lang.Thread.run(Unknown Source)
Caused by: org.jetbrains.kotlin.codegen.CompilationException: Back-end (JVM) Internal error: Couldn't inline method call: CALL 'public final fun remember <T> (calculation: @[DisallowComposableCalls] kotlin.Function0<T of androidx.compose.runtime.ComposablesKt.remember>): T of androidx.compose.runtime.ComposablesKt.remember [inline] declared in androidx.compose.runtime.ComposablesKt' type=androidx.compose.runtime.MutableState<kotlin.Boolean> origin=null
Method: null
File is unknown
The root cause java.lang.IllegalStateException was thrown at: org.jetbrains.kotlin.codegen.inline.SourceCompilerForInlineKt.getMethodNode(SourceCompilerForInline.kt:129)
	at org.jetbrains.kotlin.backend.jvm.codegen.IrInlineCodegen.genInlineCall(IrInlineCodegen.kt:82)
	at org.jetbrains.kotlin.backend.jvm.codegen.IrInlineCallGenerator.genCall(IrInlineCallGenerator.kt:36)
	at org.jetbrains.kotlin.backend.jvm.codegen.ExpressionCodegen.visitCall(ExpressionCodegen.kt:586)
	at org.jetbrains.kotlin.backend.jvm.codegen.ExpressionCodegen.visitCall(ExpressionCodegen.kt:135)
	at org.jetbrains.kotlin.ir.expressions.IrCall.accept(IrCall.kt:24)
	at org.jetbrains.kotlin.backend.jvm.codegen.ExpressionCodegen.visitVariable(ExpressionCodegen.kt:725)
	at org.jetbrains.kotlin.backend.jvm.codegen.ExpressionCodegen.visitVariable(ExpressionCodegen.kt:135)
	at org.jetbrains.kotlin.ir.declarations.IrVariable.accept(IrVariable.kt:36)
	at org.jetbrains.kotlin.backend.jvm.codegen.ExpressionCodegen.visitStatementContainer(ExpressionCodegen.kt:527)
	at org.jetbrains.kotlin.backend.jvm.codegen.ExpressionCodegen.visitBlockBody(ExpressionCodegen.kt:532)
	at org.jetbrains.kotlin.backend.jvm.codegen.ExpressionCodegen.visitBlockBody(ExpressionCodegen.kt:135)
	at org.jetbrains.kotlin.ir.expressions.IrBlockBody.accept(IrBlockBody.kt:20)
	at org.jetbrains.kotlin.backend.jvm.codegen.ExpressionCodegen.generate(ExpressionCodegen.kt:233)
	at org.jetbrains.kotlin.backend.jvm.codegen.FunctionCodegen.doGenerate(FunctionCodegen.kt:126)
	at org.jetbrains.kotlin.backend.jvm.codegen.FunctionCodegen.generate(FunctionCodegen.kt:47)
	... 45 more
Caused by: java.lang.IllegalStateException: couldn't find inline method Landroidx/compose/runtime/ComposablesKt;.remember(Lkotlin/jvm/functions/Function0;)Ljava/lang/Object;
	at org.jetbrains.kotlin.codegen.inline.SourceCompilerForInlineKt.getMethodNode(SourceCompilerForInline.kt:129)
	at org.jetbrains.kotlin.codegen.inline.SourceCompilerForInlineKt.loadCompiledInlineFunction$lambda$2(SourceCompilerForInline.kt:98)
	at org.jetbrains.kotlin.codegen.inline.InlineCache.computeMethodBytes(InlineCache.kt:90)
	at org.jetbrains.kotlin.codegen.inline.SourceCompilerForInlineKt.loadCompiledInlineFunction(SourceCompilerForInline.kt:93)
	at org.jetbrains.kotlin.backend.jvm.codegen.IrSourceCompilerForInline.compileInlineFunction(IrSourceCompilerForInline.kt:96)
	at org.jetbrains.kotlin.backend.jvm.codegen.IrInlineCodegen.genInlineCall(IrInlineCodegen.kt:65)
	... 59 more


